<?xml version="1.0" encoding="utf-8"?>
<coverage line-rate="0.90402921630844757" branch-rate="0" complexity="0" branches-covered="0" branches-valid="0" timestamp="1789568346" lines-covered="15100" lines-valid="16703" version="0">
  <sources>
    <source>D:</source>
  </sources>
  <packages>
    <package name="D:\a\JustAnotherDnDGame\JustAnotherDnDGame\build\vs\bin\Debug\IntegrationTests.exe" line-rate="0.94797178130511461" branch-rate="0" complexity="0">
      <classes>
        <class name="JsonDocument.cpp" filename="a\JustAnotherDnDGame\JustAnotherDnDGame\Source\Core\Data\JsonDocument.cpp" line-rate="0.98333333333333328" branch-rate="0" complexity="0">
          <methods/>
          <lines>
            <line number="16" hits="1"/>
            <line number="17" hits="1"/>
            <line number="22" hits="1"/>
            <line number="25" hits="1"/>
            <line number="26" hits="1"/>
            <line number="27" hits="1"/>
            <line number="28" hits="1"/>
            <line number="30" hits="1"/>
            <line number="31" hits="1"/>
            <line number="32" hits="1"/>
            <line number="34" hits="1"/>
            <line number="36" hits="1"/>
            <line number="37" hits="1"/>
            <line number="39" hits="1"/>
            <line number="40" hits="1"/>
            <line number="44" hits="1"/>
            <line number="45" hits="1"/>
            <line number="46" hits="1"/>
            <line number="49" hits="1"/>
            <line number="50" hits="1"/>
            <line number="51" hits="1"/>
            <line number="52" hits="1"/>
            <line number="53" hits="1"/>
            <line number="54" hits="1"/>
            <line number="55" hits="1"/>
            <line number="56" hits="1"/>
            <line number="57" hits="1"/>
            <line number="59" hits="1"/>
            <line number="60" hits="1"/>
            <line number="61" hits="1"/>
            <line number="64" hits="1"/>
            <line number="68" hits="1"/>
            <line number="70" hits="1"/>
            <line number="71" hits="1"/>
            <line number="72" hits="1"/>
            <line number="73" hits="1"/>
            <line number="75" hits="1"/>
            <line number="79" hits="1"/>
            <line number="81" hits="0"/>
            <line number="83" hits="1"/>
            <line number="84" hits="1"/>
            <line number="90" hits="1"/>
            <line number="91" hits="1"/>
            <line number="92" hits="1"/>
            <line number="93" hits="1"/>
            <line number="94" hits="1"/>
            <line number="97" hits="1"/>
            <line number="99" hits="1"/>
            <line number="100" hits="1"/>
            <line number="106" hits="1"/>
            <line number="111" hits="1"/>
            <line number="114" hits="1"/>
            <line number="115" hits="1"/>
            <line number="116" hits="1"/>
            <line number="117" hits="1"/>
            <line number="120" hits="1"/>
            <line number="121" hits="1"/>
            <line number="122" hits="1"/>
            <line number="125" hits="1"/>
            <line number="126" hits="1"/>
          </lines>
        </class>
        <class name="JsonDocument.h" filename="a\JustAnotherDnDGame\JustAnotherDnDGame\Source\Core\Data\JsonDocument.h" line-rate="1" branch-rate="0" complexity="0">
          <methods/>
          <lines>
            <line number="43" hits="1"/>
            <line number="44" hits="1"/>
            <line number="55" hits="1"/>
            <line number="58" hits="1"/>
            <line number="61" hits="1"/>
            <line number="62" hits="1"/>
            <line number="63" hits="1"/>
          </lines>
        </class>
        <class name="Assert.cpp" filename="a\JustAnotherDnDGame\JustAnotherDnDGame\Source\Core\Diagnostics\Assert.cpp" line-rate="0.6875" branch-rate="0" complexity="0">
          <methods/>
          <lines>
            <line number="18" hits="1"/>
            <line number="19" hits="1"/>
            <line number="20" hits="0"/>
            <line number="21" hits="0"/>
            <line number="22" hits="0"/>
            <line number="24" hits="0"/>
            <line number="25" hits="0"/>
            <line number="26" hits="1"/>
            <line number="27" hits="1"/>
            <line number="30" hits="1"/>
            <line number="31" hits="1"/>
            <line number="32" hits="1"/>
            <line number="35" hits="1"/>
            <line number="37" hits="1"/>
            <line number="38" hits="1"/>
            <line number="40" hits="1"/>
          </lines>
        </class>
        <class name="LogFormat.cpp" filename="a\JustAnotherDnDGame\JustAnotherDnDGame\Source\Core\Diagnostics\LogFormat.cpp" line-rate="1" branch-rate="0" complexity="0">
          <methods/>
          <lines>
            <line number="10" hits="1"/>
            <line number="12" hits="1"/>
            <line number="13" hits="1"/>
            <line number="14" hits="1"/>
            <line number="16" hits="1"/>
            <line number="17" hits="1"/>
            <line number="22" hits="1"/>
            <line number="23" hits="1"/>
            <line number="25" hits="1"/>
            <line number="26" hits="1"/>
            <line number="27" hits="1"/>
            <line number="28" hits="1"/>
            <line number="29" hits="1"/>
            <line number="30" hits="1"/>
            <line number="31" hits="1"/>
            <line number="32" hits="1"/>
            <line number="33" hits="1"/>
            <line number="34" hits="1"/>
            <line number="35" hits="1"/>
            <line number="36" hits="1"/>
            <line number="37" hits="1"/>
            <line number="38" hits="1"/>
            <line number="39" hits="1"/>
            <line number="40" hits="1"/>
            <line number="44" hits="1"/>
            <line number="45" hits="1"/>
            <line number="46" hits="1"/>
            <line number="48" hits="1"/>
            <line number="52" hits="1"/>
            <line number="53" hits="1"/>
            <line number="54" hits="1"/>
            <line number="55" hits="1"/>
          </lines>
        </class>
        <class name="LogLevel.h" filename="a\JustAnotherDnDGame\JustAnotherDnDGame\Source\Core\Diagnostics\LogLevel.h" line-rate="0.75" branch-rate="0" complexity="0">
          <methods/>
          <lines>
            <line number="26" hits="1"/>
            <line number="27" hits="1"/>
            <line number="29" hits="1"/>
            <line number="31" hits="1"/>
            <line number="33" hits="1"/>
            <line number="35" hits="0"/>
            <line number="37" hits="0"/>
            <line number="38" hits="1"/>
          </lines>
        </class>
        <class name="Logger.cpp" filename="a\JustAnotherDnDGame\JustAnotherDnDGame\Source\Core\Diagnostics\Logger.cpp" line-rate="0.97435897435897434" branch-rate="0" complexity="0">
          <methods/>
          <lines>
            <line number="11" hits="1"/>
            <line number="12" hits="1"/>
            <line number="13" hits="1"/>
            <line number="15" hits="1"/>
            <line number="16" hits="1"/>
            <line number="17" hits="1"/>
            <line number="19" hits="1"/>
            <line number="20" hits="1"/>
            <line number="21" hits="1"/>
            <line number="22" hits="1"/>
            <line number="24" hits="1"/>
            <line number="27" hits="1"/>
            <line number="28" hits="1"/>
            <line number="30" hits="1"/>
            <line number="32" hits="1"/>
            <line number="33" hits="1"/>
            <line number="34" hits="1"/>
            <line number="35" hits="0"/>
            <line number="37" hits="1"/>
            <line number="38" hits="1"/>
            <line number="39" hits="1"/>
            <line number="41" hits="1"/>
            <line number="43" hits="1"/>
            <line number="44" hits="1"/>
            <line number="45" hits="1"/>
            <line number="47" hits="1"/>
            <line number="48" hits="1"/>
            <line number="49" hits="1"/>
            <line number="52" hits="1"/>
            <line number="54" hits="1"/>
            <line number="55" hits="1"/>
            <line number="57" hits="1"/>
            <line number="58" hits="1"/>
            <line number="59" hits="1"/>
            <line number="60" hits="1"/>
            <line number="62" hits="1"/>
            <line number="65" hits="1"/>
            <line number="66" hits="1"/>
            <line number="67" hits="1"/>
          </lines>
        </class>
        <class name="Logger.h" filename="a\JustAnotherDnDGame\JustAnotherDnDGame\Source\Core\Diagnostics\Logger.h" line-rate="1" branch-rate="0" complexity="0">
          <methods/>
          <lines>
            <line number="30" hits="1"/>
            <line number="39" hits="1"/>
            <line number="40" hits="1"/>
            <line number="41" hits="1"/>
            <line number="82" hits="1"/>
            <line number="85" hits="1"/>
            <line number="86" hits="1"/>
          </lines>
        </class>
        <class name="AnimationClip.cpp" filename="a\JustAnotherDnDGame\JustAnotherDnDGame\Source\Core\Ecs\AnimationClip.cpp" line-rate="1" branch-rate="0" complexity="0">
          <methods/>
          <lines>
            <line number="14" hits="1"/>
            <line number="15" hits="1"/>
            <line number="16" hits="1"/>
            <line number="17" hits="1"/>
            <line number="18" hits="1"/>
            <line number="19" hits="1"/>
            <line number="20" hits="1"/>
            <line number="21" hits="1"/>
            <line number="24" hits="1"/>
            <line number="25" hits="1"/>
            <line number="26" hits="1"/>
            <line number="27" hits="1"/>
            <line number="28" hits="1"/>
            <line number="29" hits="1"/>
            <line number="31" hits="1"/>
            <line number="32" hits="1"/>
            <line number="33" hits="1"/>
            <line number="35" hits="1"/>
            <line number="36" hits="1"/>
            <line number="37" hits="1"/>
            <line number="38" hits="1"/>
            <line number="40" hits="1"/>
            <line number="41" hits="1"/>
            <line number="42" hits="1"/>
            <line number="46" hits="1"/>
            <line number="47" hits="1"/>
            <line number="49" hits="1"/>
            <line number="50" hits="1"/>
          </lines>
        </class>
        <class name="AnimationClip.h" filename="a\JustAnotherDnDGame\JustAnotherDnDGame\Source\Core\Ecs\AnimationClip.h" line-rate="1" branch-rate="0" complexity="0">
          <methods/>
          <lines>
            <line number="70" hits="1"/>
            <line number="71" hits="1"/>
            <line number="72" hits="1"/>
          </lines>
        </class>
        <class name="ComponentPool.h" filename="a\JustAnotherDnDGame\JustAnotherDnDGame\Source\Core\Ecs\ComponentPool.h" line-rate="1" branch-rate="0" complexity="0">
          <methods/>
          <lines>
            <line number="28" hits="1"/>
            <line number="72" hits="1"/>
            <line number="73" hits="1"/>
            <line number="75" hits="1"/>
            <line number="76" hits="1"/>
            <line number="77" hits="1"/>
            <line number="78" hits="1"/>
            <line number="79" hits="1"/>
            <line number="86" hits="1"/>
            <line number="87" hits="1"/>
            <line number="89" hits="1"/>
            <line number="90" hits="1"/>
            <line number="95" hits="1"/>
            <line number="96" hits="1"/>
            <line number="97" hits="1"/>
            <line number="99" hits="1"/>
            <line number="100" hits="1"/>
            <line number="101" hits="1"/>
            <line number="102" hits="1"/>
            <line number="109" hits="1"/>
            <line number="110" hits="1"/>
            <line number="111" hits="1"/>
            <line number="113" hits="1"/>
            <line number="114" hits="1"/>
            <line number="115" hits="1"/>
            <line number="122" hits="1"/>
            <line number="123" hits="1"/>
            <line number="124" hits="1"/>
            <line number="126" hits="1"/>
            <line number="129" hits="1"/>
            <line number="130" hits="1"/>
            <line number="138" hits="1"/>
            <line number="139" hits="1"/>
            <line number="140" hits="1"/>
            <line number="141" hits="1"/>
            <line number="155" hits="1"/>
            <line number="156" hits="1"/>
            <line number="157" hits="1"/>
            <line number="168" hits="1"/>
            <line number="169" hits="1"/>
            <line number="170" hits="1"/>
            <line number="176" hits="1"/>
            <line number="177" hits="1"/>
            <line number="178" hits="1"/>
            <line number="185" hits="1"/>
            <line number="186" hits="1"/>
            <line number="187" hits="1"/>
            <line number="189" hits="1"/>
          </lines>
        </class>
        <class name="Entity.h" filename="a\JustAnotherDnDGame\JustAnotherDnDGame\Source\Core\Ecs\Entity.h" line-rate="1" branch-rate="0" complexity="0">
          <methods/>
          <lines>
            <line number="37" hits="1"/>
            <line number="38" hits="1"/>
            <line number="39" hits="1"/>
            <line number="41" hits="1"/>
            <line number="42" hits="1"/>
            <line number="43" hits="1"/>
          </lines>
        </class>
        <class name="EntityManager.cpp" filename="a\JustAnotherDnDGame\JustAnotherDnDGame\Source\Core\Ecs\EntityManager.cpp" line-rate="1" branch-rate="0" complexity="0">
          <methods/>
          <lines>
            <line number="10" hits="1"/>
            <line number="11" hits="1"/>
            <line number="12" hits="1"/>
            <line number="15" hits="1"/>
            <line number="16" hits="1"/>
            <line number="17" hits="1"/>
            <line number="19" hits="1"/>
            <line number="20" hits="1"/>
            <line number="21" hits="1"/>
            <line number="24" hits="1"/>
            <line number="25" hits="1"/>
            <line number="26" hits="1"/>
            <line number="27" hits="1"/>
            <line number="33" hits="1"/>
            <line number="34" hits="1"/>
            <line number="36" hits="1"/>
            <line number="39" hits="1"/>
            <line number="41" hits="1"/>
            <line number="42" hits="1"/>
            <line number="43" hits="1"/>
            <line number="44" hits="1"/>
            <line number="48" hits="1"/>
            <line number="49" hits="1"/>
            <line number="50" hits="1"/>
            <line number="52" hits="1"/>
            <line number="53" hits="1"/>
            <line number="57" hits="1"/>
            <line number="58" hits="1"/>
            <line number="59" hits="1"/>
          </lines>
        </class>
        <class name="ISystem.h" filename="a\JustAnotherDnDGame\JustAnotherDnDGame\Source\Core\Ecs\ISystem.h" line-rate="1" branch-rate="0" complexity="0">
          <methods/>
          <lines>
            <line number="25" hits="1"/>
          </lines>
        </class>
        <class name="AnimationSystem.cpp" filename="a\JustAnotherDnDGame\JustAnotherDnDGame\Source\Core\Ecs\Systems\AnimationSystem.cpp" line-rate="0.95412844036697253" branch-rate="0" complexity="0">
          <methods/>
          <lines>
            <line number="39" hits="1"/>
            <line number="40" hits="1"/>
            <line number="41" hits="1"/>
            <line number="43" hits="1"/>
            <line number="44" hits="1"/>
            <line number="51" hits="1"/>
            <line number="52" hits="1"/>
            <line number="53" hits="1"/>
            <line number="54" hits="1"/>
            <line number="55" hits="1"/>
            <line number="57" hits="1"/>
            <line number="58" hits="1"/>
            <line number="59" hits="1"/>
            <line number="60" hits="1"/>
            <line number="61" hits="1"/>
            <line number="65" hits="1"/>
            <line number="66" hits="1"/>
            <line number="67" hits="1"/>
            <line number="69" hits="1"/>
            <line number="70" hits="1"/>
            <line number="71" hits="1"/>
            <line number="72" hits="1"/>
            <line number="73" hits="1"/>
            <line number="74" hits="1"/>
            <line number="76" hits="1"/>
            <line number="77" hits="1"/>
            <line number="78" hits="1"/>
            <line number="79" hits="1"/>
            <line number="80" hits="1"/>
            <line number="81" hits="1"/>
            <line number="83" hits="1"/>
            <line number="84" hits="1"/>
            <line number="85" hits="1"/>
            <line number="86" hits="1"/>
            <line number="87" hits="1"/>
            <line number="88" hits="1"/>
            <line number="93" hits="1"/>
            <line number="94" hits="1"/>
            <line number="95" hits="1"/>
            <line number="96" hits="1"/>
            <line number="97" hits="1"/>
            <line number="98" hits="1"/>
            <line number="100" hits="1"/>
            <line number="101" hits="1"/>
            <line number="105" hits="1"/>
            <line number="106" hits="1"/>
            <line number="107" hits="1"/>
            <line number="108" hits="1"/>
            <line number="109" hits="1"/>
            <line number="111" hits="1"/>
            <line number="112" hits="1"/>
            <line number="113" hits="1"/>
            <line number="114" hits="1"/>
            <line number="115" hits="1"/>
            <line number="116" hits="1"/>
            <line number="118" hits="1"/>
            <line number="119" hits="1"/>
            <line number="120" hits="1"/>
            <line number="121" hits="1"/>
            <line number="122" hits="1"/>
            <line number="123" hits="1"/>
            <line number="128" hits="1"/>
            <line number="129" hits="1"/>
            <line number="130" hits="1"/>
            <line number="131" hits="1"/>
            <line number="134" hits="1"/>
            <line number="135" hits="1"/>
            <line number="136" hits="0"/>
            <line number="138" hits="1"/>
            <line number="139" hits="1"/>
            <line number="140" hits="0"/>
            <line number="143" hits="1"/>
            <line number="144" hits="1"/>
            <line number="145" hits="1"/>
            <line number="148" hits="1"/>
            <line number="152" hits="1"/>
            <line number="153" hits="1"/>
            <line number="154" hits="1"/>
            <line number="155" hits="1"/>
            <line number="156" hits="1"/>
            <line number="157" hits="1"/>
            <line number="159" hits="1"/>
            <line number="160" hits="1"/>
            <line number="161" hits="1"/>
            <line number="165" hits="1"/>
            <line number="166" hits="1"/>
            <line number="167" hits="0"/>
            <line number="168" hits="0"/>
            <line number="170" hits="1"/>
            <line number="171" hits="1"/>
            <line number="172" hits="1"/>
            <line number="173" hits="1"/>
            <line number="174" hits="1"/>
            <line number="175" hits="1"/>
            <line number="177" hits="0"/>
            <line number="178" hits="1"/>
            <line number="181" hits="1"/>
            <line number="185" hits="1"/>
            <line number="186" hits="1"/>
            <line number="187" hits="1"/>
            <line number="190" hits="1"/>
            <line number="191" hits="1"/>
            <line number="192" hits="1"/>
            <line number="193" hits="1"/>
            <line number="195" hits="1"/>
            <line number="196" hits="1"/>
            <line number="198" hits="1"/>
            <line number="199" hits="1"/>
            <line number="200" hits="1"/>
          </lines>
        </class>
        <class name="MovementSystem.cpp" filename="a\JustAnotherDnDGame\JustAnotherDnDGame\Source\Core\Ecs\Systems\MovementSystem.cpp" line-rate="1" branch-rate="0" complexity="0">
          <methods/>
          <lines>
            <line number="13" hits="1"/>
            <line number="16" hits="1"/>
            <line number="17" hits="1"/>
            <line number="18" hits="1"/>
            <line number="19" hits="1"/>
            <line number="20" hits="1"/>
          </lines>
        </class>
        <class name="View.h" filename="a\JustAnotherDnDGame\JustAnotherDnDGame\Source\Core\Ecs\View.h" line-rate="0.96226415094339623" branch-rate="0" complexity="0">
          <methods/>
          <lines>
            <line number="53" hits="1"/>
            <line number="61" hits="1"/>
            <line number="62" hits="1"/>
            <line number="63" hits="1"/>
            <line number="64" hits="1"/>
            <line number="65" hits="1"/>
            <line number="68" hits="1"/>
            <line number="85" hits="1"/>
            <line number="86" hits="1"/>
            <line number="87" hits="1"/>
            <line number="88" hits="1"/>
            <line number="95" hits="1"/>
            <line number="96" hits="1"/>
            <line number="97" hits="1"/>
            <line number="103" hits="1"/>
            <line number="104" hits="1"/>
            <line number="105" hits="1"/>
            <line number="106" hits="1"/>
            <line number="107" hits="1"/>
            <line number="113" hits="1"/>
            <line number="114" hits="1"/>
            <line number="115" hits="1"/>
            <line number="117" hits="1"/>
            <line number="121" hits="1"/>
            <line number="122" hits="1"/>
            <line number="123" hits="0"/>
            <line number="124" hits="0"/>
            <line number="125" hits="1"/>
            <line number="133" hits="1"/>
            <line number="134" hits="1"/>
            <line number="135" hits="1"/>
            <line number="136" hits="1"/>
            <line number="139" hits="1"/>
            <line number="140" hits="1"/>
            <line number="141" hits="1"/>
            <line number="142" hits="1"/>
            <line number="150" hits="1"/>
            <line number="151" hits="1"/>
            <line number="152" hits="1"/>
            <line number="161" hits="1"/>
            <line number="162" hits="1"/>
            <line number="163" hits="1"/>
            <line number="169" hits="1"/>
            <line number="170" hits="1"/>
            <line number="171" hits="1"/>
            <line number="174" hits="1"/>
            <line number="175" hits="1"/>
            <line number="176" hits="1"/>
            <line number="177" hits="1"/>
            <line number="179" hits="1"/>
            <line number="180" hits="1"/>
            <line number="181" hits="1"/>
            <line number="182" hits="1"/>
          </lines>
        </class>
        <class name="World.cpp" filename="a\JustAnotherDnDGame\JustAnotherDnDGame\Source\Core\Ecs\World.cpp" line-rate="0.96153846153846156" branch-rate="0" complexity="0">
          <methods/>
          <lines>
            <line number="15" hits="1"/>
            <line number="16" hits="1"/>
            <line number="17" hits="1"/>
            <line number="20" hits="1"/>
            <line number="21" hits="1"/>
            <line number="23" hits="0"/>
            <line number="28" hits="1"/>
            <line number="29" hits="1"/>
            <line number="30" hits="1"/>
            <line number="31" hits="1"/>
            <line number="32" hits="1"/>
            <line number="36" hits="1"/>
            <line number="37" hits="1"/>
            <line number="38" hits="1"/>
            <line number="41" hits="1"/>
            <line number="42" hits="1"/>
            <line number="43" hits="1"/>
            <line number="44" hits="1"/>
            <line number="47" hits="1"/>
            <line number="49" hits="1"/>
            <line number="50" hits="1"/>
            <line number="51" hits="1"/>
            <line number="52" hits="1"/>
            <line number="56" hits="1"/>
            <line number="57" hits="1"/>
            <line number="58" hits="1"/>
          </lines>
        </class>
        <class name="World.h" filename="a\JustAnotherDnDGame\JustAnotherDnDGame\Source\Core\Ecs\World.h" line-rate="1" branch-rate="0" complexity="0">
          <methods/>
          <lines>
            <line number="63" hits="1"/>
            <line number="64" hits="1"/>
            <line number="65" hits="1"/>
            <line number="66" hits="1"/>
            <line number="75" hits="1"/>
            <line number="76" hits="1"/>
            <line number="77" hits="1"/>
            <line number="78" hits="1"/>
            <line number="88" hits="1"/>
            <line number="89" hits="1"/>
            <line number="90" hits="1"/>
            <line number="91" hits="1"/>
            <line number="100" hits="1"/>
            <line number="101" hits="1"/>
            <line number="102" hits="1"/>
            <line number="103" hits="1"/>
            <line number="111" hits="1"/>
            <line number="112" hits="1"/>
            <line number="113" hits="1"/>
            <line number="137" hits="1"/>
            <line number="138" hits="1"/>
            <line number="139" hits="1"/>
            <line number="140" hits="1"/>
            <line number="141" hits="1"/>
            <line number="143" hits="1"/>
            <line number="144" hits="1"/>
            <line number="152" hits="1"/>
            <line number="153" hits="1"/>
            <line number="154" hits="1"/>
            <line number="155" hits="1"/>
            <line number="157" hits="1"/>
            <line number="158" hits="1"/>
          </lines>
        </class>
        <class name="CameraFraming.cpp" filename="a\JustAnotherDnDGame\JustAnotherDnDGame\Source\Core\Levels\CameraFraming.cpp" line-rate="0.91379310344827591" branch-rate="0" complexity="0">
          <methods/>
          <lines>
            <line number="11" hits="1"/>
            <line number="12" hits="1"/>
            <line number="14" hits="1"/>
            <line number="16" hits="1"/>
            <line number="18" hits="1"/>
            <line number="20" hits="0"/>
            <line number="21" hits="1"/>
            <line number="24" hits="1"/>
            <line number="25" hits="1"/>
            <line number="26" hits="1"/>
            <line number="28" hits="1"/>
            <line number="29" hits="1"/>
            <line number="31" hits="1"/>
            <line number="32" hits="1"/>
            <line number="34" hits="1"/>
            <line number="35" hits="1"/>
            <line number="41" hits="1"/>
            <line number="42" hits="1"/>
            <line number="43" hits="1"/>
            <line number="45" hits="1"/>
            <line number="46" hits="1"/>
            <line number="48" hits="1"/>
            <line number="49" hits="1"/>
            <line number="53" hits="1"/>
            <line number="56" hits="1"/>
            <line number="57" hits="1"/>
            <line number="59" hits="1"/>
            <line number="60" hits="1"/>
            <line number="61" hits="1"/>
            <line number="62" hits="1"/>
            <line number="63" hits="1"/>
            <line number="65" hits="1"/>
            <line number="66" hits="0"/>
            <line number="68" hits="1"/>
            <line number="69" hits="1"/>
            <line number="71" hits="1"/>
            <line number="72" hits="1"/>
            <line number="74" hits="1"/>
            <line number="75" hits="0"/>
            <line number="77" hits="1"/>
            <line number="80" hits="1"/>
            <line number="81" hits="1"/>
            <line number="82" hits="1"/>
            <line number="85" hits="1"/>
            <line number="86" hits="0"/>
            <line number="89" hits="1"/>
            <line number="91" hits="1"/>
            <line number="92" hits="1"/>
            <line number="93" hits="1"/>
            <line number="95" hits="1"/>
            <line number="96" hits="1"/>
            <line number="99" hits="1"/>
            <line number="100" hits="1"/>
            <line number="101" hits="0"/>
            <line number="103" hits="1"/>
            <line number="104" hits="1"/>
            <line number="107" hits="1"/>
            <line number="108" hits="1"/>
          </lines>
        </class>
        <class name="GridPosition.h" filename="a\JustAnotherDnDGame\JustAnotherDnDGame\Source\Core\Levels\GridPosition.h" line-rate="1" branch-rate="0" complexity="0">
          <methods/>
          <lines>
            <line number="21" hits="1"/>
            <line number="22" hits="1"/>
            <line number="26" hits="1"/>
            <line number="27" hits="1"/>
            <line number="28" hits="1"/>
            <line number="31" hits="1"/>
            <line number="32" hits="1"/>
            <line number="33" hits="1"/>
          </lines>
        </class>
        <class name="Level.h" filename="a\JustAnotherDnDGame\JustAnotherDnDGame\Source\Core\Levels\Level.h" line-rate="1" branch-rate="0" complexity="0">
          <methods/>
          <lines>
            <line number="122" hits="1"/>
            <line number="132" hits="1"/>
            <line number="133" hits="1"/>
            <line number="134" hits="1"/>
            <line number="135" hits="1"/>
            <line number="136" hits="1"/>
            <line number="137" hits="1"/>
            <line number="138" hits="1"/>
            <line number="139" hits="1"/>
            <line number="140" hits="1"/>
            <line number="141" hits="1"/>
            <line number="142" hits="1"/>
            <line number="143" hits="1"/>
            <line number="144" hits="1"/>
            <line number="147" hits="1"/>
            <line number="148" hits="1"/>
            <line number="149" hits="1"/>
            <line number="152" hits="1"/>
            <line number="153" hits="1"/>
            <line number="154" hits="1"/>
            <line number="158" hits="1"/>
            <line number="159" hits="1"/>
            <line number="160" hits="1"/>
            <line number="163" hits="1"/>
            <line number="164" hits="1"/>
            <line number="165" hits="1"/>
            <line number="168" hits="1"/>
            <line number="169" hits="1"/>
            <line number="170" hits="1"/>
            <line number="173" hits="1"/>
            <line number="174" hits="1"/>
            <line number="175" hits="1"/>
            <line number="178" hits="1"/>
            <line number="179" hits="1"/>
            <line number="180" hits="1"/>
            <line number="184" hits="1"/>
            <line number="185" hits="1"/>
            <line number="186" hits="1"/>
            <line number="190" hits="1"/>
            <line number="191" hits="1"/>
            <line number="192" hits="1"/>
            <line number="195" hits="1"/>
            <line number="196" hits="1"/>
            <line number="197" hits="1"/>
            <line number="200" hits="1"/>
            <line number="201" hits="1"/>
            <line number="202" hits="1"/>
            <line number="207" hits="1"/>
            <line number="208" hits="1"/>
            <line number="209" hits="1"/>
            <line number="214" hits="1"/>
            <line number="215" hits="1"/>
            <line number="216" hits="1"/>
          </lines>
        </class>
        <class name="LevelLoader.cpp" filename="a\JustAnotherDnDGame\JustAnotherDnDGame\Source\Core\Levels\LevelLoader.cpp" line-rate="0.89000000000000001" branch-rate="0" complexity="0">
          <methods/>
          <lines>
            <line number="33" hits="1"/>
            <line number="34" hits="1"/>
            <line number="35" hits="1"/>
            <line number="36" hits="1"/>
            <line number="40" hits="1"/>
            <line number="41" hits="1"/>
            <line number="42" hits="1"/>
            <line number="62" hits="1"/>
            <line number="63" hits="1"/>
            <line number="65" hits="1"/>
            <line number="77" hits="1"/>
            <line number="78" hits="1"/>
            <line number="79" hits="1"/>
            <line number="81" hits="1"/>
            <line number="82" hits="0"/>
            <line number="84" hits="1"/>
            <line number="85" hits="1"/>
            <line number="89" hits="1"/>
            <line number="90" hits="1"/>
            <line number="91" hits="1"/>
            <line number="92" hits="1"/>
            <line number="93" hits="0"/>
            <line number="96" hits="1"/>
            <line number="97" hits="1"/>
            <line number="98" hits="1"/>
            <line number="104" hits="1"/>
            <line number="106" hits="1"/>
            <line number="113" hits="1"/>
            <line number="116" hits="1"/>
            <line number="117" hits="1"/>
            <line number="118" hits="0"/>
            <line number="121" hits="1"/>
            <line number="122" hits="1"/>
            <line number="123" hits="0"/>
            <line number="126" hits="1"/>
            <line number="127" hits="1"/>
            <line number="128" hits="1"/>
            <line number="129" hits="1"/>
            <line number="130" hits="1"/>
            <line number="137" hits="1"/>
            <line number="138" hits="1"/>
            <line number="139" hits="1"/>
            <line number="140" hits="1"/>
            <line number="141" hits="1"/>
            <line number="142" hits="1"/>
            <line number="144" hits="1"/>
            <line number="145" hits="1"/>
            <line number="146" hits="1"/>
            <line number="157" hits="1"/>
            <line number="158" hits="1"/>
            <line number="159" hits="1"/>
            <line number="160" hits="1"/>
            <line number="162" hits="1"/>
            <line number="163" hits="1"/>
            <line number="164" hits="1"/>
            <line number="165" hits="1"/>
            <line number="166" hits="1"/>
            <line number="167" hits="1"/>
            <line number="168" hits="1"/>
            <line number="169" hits="1"/>
            <line number="170" hits="1"/>
            <line number="171" hits="1"/>
            <line number="172" hits="1"/>
            <line number="180" hits="1"/>
            <line number="181" hits="1"/>
            <line number="182" hits="1"/>
            <line number="184" hits="1"/>
            <line number="185" hits="0"/>
            <line number="187" hits="1"/>
            <line number="188" hits="1"/>
            <line number="189" hits="1"/>
            <line number="190" hits="1"/>
            <line number="191" hits="1"/>
            <line number="192" hits="1"/>
            <line number="193" hits="1"/>
            <line number="194" hits="1"/>
            <line number="195" hits="0"/>
            <line number="198" hits="1"/>
            <line number="199" hits="1"/>
            <line number="200" hits="1"/>
            <line number="201" hits="1"/>
            <line number="202" hits="1"/>
            <line number="207" hits="1"/>
            <line number="208" hits="1"/>
            <line number="209" hits="0"/>
            <line number="213" hits="1"/>
            <line number="214" hits="1"/>
            <line number="220" hits="1"/>
            <line number="221" hits="1"/>
            <line number="226" hits="1"/>
            <line number="227" hits="1"/>
            <line number="228" hits="1"/>
            <line number="229" hits="1"/>
            <line number="230" hits="1"/>
            <line number="237" hits="1"/>
            <line number="238" hits="1"/>
            <line number="239" hits="1"/>
            <line number="241" hits="1"/>
            <line number="242" hits="0"/>
            <line number="244" hits="1"/>
            <line number="245" hits="1"/>
            <line number="246" hits="1"/>
            <line number="249" hits="1"/>
            <line number="251" hits="1"/>
            <line number="252" hits="1"/>
            <line number="256" hits="1"/>
            <line number="257" hits="1"/>
            <line number="258" hits="1"/>
            <line number="259" hits="1"/>
            <line number="260" hits="1"/>
            <line number="285" hits="1"/>
            <line number="286" hits="1"/>
            <line number="287" hits="1"/>
            <line number="288" hits="1"/>
            <line number="290" hits="1"/>
            <line number="291" hits="1"/>
            <line number="292" hits="0"/>
            <line number="295" hits="1"/>
            <line number="296" hits="0"/>
            <line number="300" hits="1"/>
            <line number="301" hits="0"/>
            <line number="305" hits="1"/>
            <line number="309" hits="1"/>
            <line number="310" hits="1"/>
            <line number="315" hits="1"/>
            <line number="316" hits="1"/>
            <line number="317" hits="1"/>
            <line number="318" hits="1"/>
            <line number="319" hits="1"/>
            <line number="320" hits="1"/>
            <line number="321" hits="1"/>
            <line number="324" hits="1"/>
            <line number="325" hits="1"/>
            <line number="326" hits="0"/>
            <line number="330" hits="1"/>
            <line number="331" hits="0"/>
            <line number="334" hits="1"/>
            <line number="335" hits="1"/>
            <line number="337" hits="1"/>
            <line number="341" hits="1"/>
            <line number="342" hits="1"/>
            <line number="343" hits="0"/>
            <line number="347" hits="1"/>
            <line number="348" hits="0"/>
            <line number="351" hits="1"/>
            <line number="352" hits="1"/>
            <line number="356" hits="1"/>
            <line number="357" hits="1"/>
            <line number="368" hits="1"/>
            <line number="369" hits="1"/>
            <line number="370" hits="1"/>
            <line number="374" hits="1"/>
            <line number="384" hits="1"/>
            <line number="385" hits="1"/>
            <line number="386" hits="1"/>
            <line number="388" hits="1"/>
            <line number="389" hits="1"/>
            <line number="390" hits="1"/>
            <line number="391" hits="1"/>
            <line number="392" hits="1"/>
            <line number="395" hits="1"/>
            <line number="396" hits="1"/>
            <line number="397" hits="1"/>
            <line number="398" hits="1"/>
            <line number="400" hits="1"/>
            <line number="401" hits="1"/>
            <line number="405" hits="1"/>
            <line number="406" hits="1"/>
            <line number="407" hits="0"/>
            <line number="410" hits="1"/>
            <line number="411" hits="1"/>
            <line number="415" hits="1"/>
            <line number="417" hits="1"/>
            <line number="419" hits="1"/>
            <line number="420" hits="1"/>
            <line number="421" hits="1"/>
            <line number="422" hits="1"/>
            <line number="423" hits="1"/>
            <line number="430" hits="1"/>
            <line number="431" hits="1"/>
            <line number="432" hits="0"/>
            <line number="435" hits="1"/>
            <line number="436" hits="0"/>
            <line number="439" hits="1"/>
            <line number="440" hits="1"/>
            <line number="441" hits="1"/>
            <line number="442" hits="0"/>
            <line number="448" hits="1"/>
            <line number="449" hits="1"/>
            <line number="450" hits="1"/>
            <line number="454" hits="1"/>
            <line number="455" hits="1"/>
            <line number="460" hits="1"/>
            <line number="461" hits="1"/>
            <line number="462" hits="0"/>
            <line number="465" hits="1"/>
            <line number="466" hits="0"/>
            <line number="469" hits="1"/>
            <line number="470" hits="1"/>
            <line number="473" hits="1"/>
            <line number="474" hits="0"/>
            <line number="477" hits="1"/>
            <line number="478" hits="1"/>
            <line number="483" hits="1"/>
            <line number="486" hits="1"/>
            <line number="487" hits="1"/>
            <line number="488" hits="0"/>
            <line number="490" hits="1"/>
            <line number="492" hits="1"/>
            <line number="493" hits="1"/>
            <line number="494" hits="1"/>
            <line number="495" hits="1"/>
            <line number="496" hits="1"/>
            <line number="498" hits="1"/>
            <line number="501" hits="1"/>
            <line number="502" hits="1"/>
            <line number="503" hits="1"/>
            <line number="505" hits="1"/>
            <line number="506" hits="1"/>
            <line number="507" hits="1"/>
            <line number="513" hits="1"/>
            <line number="514" hits="1"/>
            <line number="516" hits="1"/>
            <line number="517" hits="1"/>
            <line number="518" hits="1"/>
            <line number="522" hits="1"/>
            <line number="523" hits="1"/>
            <line number="524" hits="1"/>
            <line number="525" hits="1"/>
            <line number="526" hits="1"/>
            <line number="527" hits="1"/>
            <line number="528" hits="1"/>
            <line number="529" hits="1"/>
            <line number="532" hits="1"/>
            <line number="535" hits="1"/>
            <line number="536" hits="1"/>
            <line number="537" hits="1"/>
            <line number="538" hits="0"/>
            <line number="540" hits="1"/>
            <line number="542" hits="1"/>
            <line number="544" hits="1"/>
            <line number="545" hits="1"/>
            <line number="549" hits="1"/>
            <line number="550" hits="1"/>
            <line number="551" hits="1"/>
            <line number="552" hits="1"/>
            <line number="554" hits="1"/>
            <line number="555" hits="1"/>
            <line number="556" hits="0"/>
            <line number="559" hits="1"/>
            <line number="561" hits="1"/>
            <line number="569" hits="1"/>
            <line number="570" hits="1"/>
            <line number="571" hits="1"/>
            <line number="572" hits="0"/>
            <line number="577" hits="1"/>
            <line number="578" hits="1"/>
            <line number="579" hits="0"/>
            <line number="583" hits="1"/>
            <line number="584" hits="1"/>
            <line number="586" hits="1"/>
            <line number="587" hits="1"/>
            <line number="588" hits="1"/>
            <line number="589" hits="0"/>
            <line number="592" hits="1"/>
            <line number="594" hits="1"/>
            <line number="596" hits="1"/>
            <line number="597" hits="1"/>
            <line number="598" hits="1"/>
            <line number="599" hits="1"/>
            <line number="603" hits="1"/>
            <line number="607" hits="1"/>
            <line number="610" hits="1"/>
            <line number="618" hits="1"/>
            <line number="619" hits="1"/>
            <line number="621" hits="1"/>
            <line number="622" hits="1"/>
            <line number="623" hits="1"/>
            <line number="624" hits="1"/>
            <line number="626" hits="1"/>
            <line number="627" hits="1"/>
            <line number="634" hits="1"/>
            <line number="635" hits="1"/>
            <line number="636" hits="1"/>
            <line number="641" hits="1"/>
            <line number="642" hits="1"/>
            <line number="643" hits="1"/>
            <line number="645" hits="1"/>
            <line number="660" hits="0"/>
            <line number="661" hits="0"/>
            <line number="663" hits="0"/>
            <line number="664" hits="0"/>
            <line number="667" hits="1"/>
            <line number="668" hits="1"/>
            <line number="669" hits="1"/>
            <line number="670" hits="0"/>
            <line number="673" hits="1"/>
            <line number="674" hits="1"/>
            <line number="675" hits="1"/>
            <line number="676" hits="1"/>
          </lines>
        </class>
        <class name="LevelLoader.h" filename="a\JustAnotherDnDGame\JustAnotherDnDGame\Source\Core\Levels\LevelLoader.h" line-rate="1" branch-rate="0" complexity="0">
          <methods/>
          <lines>
            <line number="87" hits="1"/>
            <line number="88" hits="1"/>
            <line number="89" hits="1"/>
          </lines>
        </class>
        <class name="LevelScene.cpp" filename="a\JustAnotherDnDGame\JustAnotherDnDGame\Source\Core\Levels\LevelScene.cpp" line-rate="0.93548387096774188" branch-rate="0" complexity="0">
          <methods/>
          <lines>
            <line number="25" hits="1"/>
            <line number="26" hits="1"/>
            <line number="27" hits="1"/>
            <line number="28" hits="1"/>
            <line number="29" hits="1"/>
            <line number="30" hits="1"/>
            <line number="32" hits="1"/>
            <line number="34" hits="1"/>
            <line number="35" hits="1"/>
            <line number="36" hits="1"/>
            <line number="38" hits="1"/>
            <line number="39" hits="1"/>
            <line number="44" hits="1"/>
            <line number="45" hits="1"/>
            <line number="49" hits="1"/>
            <line number="50" hits="1"/>
            <line number="52" hits="1"/>
            <line number="53" hits="1"/>
            <line number="54" hits="1"/>
            <line number="62" hits="1"/>
            <line number="66" hits="1"/>
            <line number="67" hits="0"/>
            <line number="69" hits="0"/>
            <line number="72" hits="1"/>
            <line number="73" hits="1"/>
            <line number="77" hits="1"/>
            <line number="78" hits="1"/>
            <line number="80" hits="1"/>
            <line number="81" hits="1"/>
            <line number="82" hits="1"/>
            <line number="83" hits="1"/>
          </lines>
        </class>
        <class name="Plane.h" filename="a\JustAnotherDnDGame\JustAnotherDnDGame\Source\Core\Levels\Plane.h" line-rate="1" branch-rate="0" complexity="0">
          <methods/>
          <lines>
            <line number="82" hits="1"/>
            <line number="83" hits="1"/>
            <line number="85" hits="1"/>
          </lines>
        </class>
        <class name="TileLayer.h" filename="a\JustAnotherDnDGame\JustAnotherDnDGame\Source\Core\Levels\TileLayer.h" line-rate="0.875" branch-rate="0" complexity="0">
          <methods/>
          <lines>
            <line number="54" hits="1"/>
            <line number="55" hits="1"/>
            <line number="57" hits="1"/>
            <line number="59" hits="1"/>
            <line number="61" hits="1"/>
            <line number="63" hits="1"/>
            <line number="65" hits="0"/>
            <line number="66" hits="1"/>
          </lines>
        </class>
        <class name="TileMap.cpp" filename="a\JustAnotherDnDGame\JustAnotherDnDGame\Source\Core\Levels\TileMap.cpp" line-rate="1" branch-rate="0" complexity="0">
          <methods/>
          <lines>
            <line number="14" hits="1"/>
            <line number="15" hits="1"/>
            <line number="16" hits="1"/>
            <line number="17" hits="1"/>
            <line number="18" hits="1"/>
            <line number="21" hits="1"/>
            <line number="22" hits="1"/>
            <line number="23" hits="1"/>
            <line number="26" hits="1"/>
            <line number="27" hits="1"/>
            <line number="28" hits="1"/>
            <line number="30" hits="1"/>
            <line number="33" hits="1"/>
            <line number="34" hits="1"/>
            <line number="35" hits="1"/>
            <line number="37" hits="1"/>
            <line number="40" hits="1"/>
            <line number="41" hits="1"/>
            <line number="42" hits="1"/>
          </lines>
        </class>
        <class name="TileMap.h" filename="a\JustAnotherDnDGame\JustAnotherDnDGame\Source\Core\Levels\TileMap.h" line-rate="1" branch-rate="0" complexity="0">
          <methods/>
          <lines>
            <line number="35" hits="1"/>
            <line number="36" hits="1"/>
            <line number="37" hits="1"/>
            <line number="40" hits="1"/>
            <line number="41" hits="1"/>
            <line number="42" hits="1"/>
          </lines>
        </class>
        <class name="TileType.h" filename="a\JustAnotherDnDGame\JustAnotherDnDGame\Source\Core\Levels\TileType.h" line-rate="1" branch-rate="0" complexity="0">
          <methods/>
          <lines>
            <line number="98" hits="1"/>
            <line number="99" hits="1"/>
            <line number="101" hits="1"/>
          </lines>
        </class>
        <class name="TileTypeName.cpp" filename="a\JustAnotherDnDGame\JustAnotherDnDGame\Source\Core\Levels\TileTypeName.cpp" line-rate="0.97560975609756095" branch-rate="0" complexity="0">
          <methods/>
          <lines>
            <line number="19" hits="1"/>
            <line number="20" hits="1"/>
            <line number="21" hits="1"/>
            <line number="26" hits="1"/>
            <line number="29" hits="1"/>
            <line number="31" hits="1"/>
            <line number="33" hits="1"/>
            <line number="35" hits="1"/>
            <line number="37" hits="1"/>
            <line number="39" hits="1"/>
            <line number="41" hits="1"/>
            <line number="43" hits="1"/>
            <line number="45" hits="1"/>
            <line number="47" hits="1"/>
            <line number="49" hits="1"/>
            <line number="51" hits="1"/>
            <line number="53" hits="1"/>
            <line number="55" hits="1"/>
            <line number="57" hits="1"/>
            <line number="59" hits="1"/>
            <line number="61" hits="1"/>
            <line number="63" hits="1"/>
            <line number="65" hits="1"/>
            <line number="67" hits="1"/>
            <line number="69" hits="1"/>
            <line number="71" hits="0"/>
            <line number="72" hits="1"/>
            <line number="74" hits="1"/>
            <line number="84" hits="1"/>
            <line number="85" hits="1"/>
            <line number="86" hits="1"/>
            <line number="87" hits="1"/>
            <line number="88" hits="1"/>
            <line number="89" hits="1"/>
            <line number="90" hits="1"/>
            <line number="91" hits="1"/>
            <line number="93" hits="1"/>
            <line number="94" hits="1"/>
            <line number="95" hits="1"/>
            <line number="97" hits="1"/>
            <line number="98" hits="1"/>
          </lines>
        </class>
        <class name="MathUtils.h" filename="a\JustAnotherDnDGame\JustAnotherDnDGame\Source\Core\Math\MathUtils.h" line-rate="1" branch-rate="0" complexity="0">
          <methods/>
          <lines>
            <line number="30" hits="1"/>
            <line number="31" hits="1"/>
            <line number="32" hits="1"/>
            <line number="33" hits="1"/>
            <line number="34" hits="1"/>
          </lines>
        </class>
        <class name="Vector2.cpp" filename="a\JustAnotherDnDGame\JustAnotherDnDGame\Source\Core\Math\Vector2.cpp" line-rate="1" branch-rate="0" complexity="0">
          <methods/>
          <lines>
            <line number="13" hits="1"/>
            <line number="17" hits="1"/>
            <line number="18" hits="1"/>
            <line number="19" hits="1"/>
            <line number="20" hits="1"/>
            <line number="21" hits="1"/>
            <line number="25" hits="1"/>
            <line number="26" hits="1"/>
            <line number="27" hits="1"/>
            <line number="28" hits="1"/>
            <line number="29" hits="1"/>
            <line number="33" hits="1"/>
            <line number="34" hits="1"/>
            <line number="35" hits="1"/>
            <line number="36" hits="1"/>
            <line number="37" hits="1"/>
            <line number="41" hits="1"/>
            <line number="42" hits="1"/>
            <line number="43" hits="1"/>
            <line number="44" hits="1"/>
            <line number="45" hits="1"/>
            <line number="49" hits="1"/>
            <line number="50" hits="1"/>
            <line number="51" hits="1"/>
            <line number="55" hits="1"/>
            <line number="56" hits="1"/>
            <line number="57" hits="1"/>
            <line number="61" hits="1"/>
            <line number="62" hits="1"/>
            <line number="63" hits="1"/>
            <line number="68" hits="1"/>
            <line number="69" hits="1"/>
            <line number="70" hits="1"/>
            <line number="72" hits="1"/>
            <line number="74" hits="1"/>
            <line number="75" hits="1"/>
            <line number="79" hits="1"/>
            <line number="80" hits="1"/>
            <line number="81" hits="1"/>
            <line number="85" hits="1"/>
            <line number="86" hits="1"/>
            <line number="87" hits="1"/>
            <line number="91" hits="1"/>
            <line number="92" hits="1"/>
            <line number="93" hits="1"/>
            <line number="97" hits="1"/>
            <line number="98" hits="1"/>
            <line number="99" hits="1"/>
            <line number="103" hits="1"/>
            <line number="104" hits="1"/>
            <line number="105" hits="1"/>
            <line number="109" hits="1"/>
            <line number="110" hits="1"/>
            <line number="111" hits="1"/>
            <line number="115" hits="1"/>
            <line number="116" hits="1"/>
            <line number="117" hits="1"/>
            <line number="121" hits="1"/>
            <line number="122" hits="1"/>
            <line number="123" hits="1"/>
          </lines>
        </class>
        <class name="Vector2.h" filename="a\JustAnotherDnDGame\JustAnotherDnDGame\Source\Core\Math\Vector2.h" line-rate="1" branch-rate="0" complexity="0">
          <methods/>
          <lines>
            <line number="22" hits="1"/>
            <line number="23" hits="1"/>
            <line number="25" hits="1"/>
          </lines>
        </class>
        <class name="FixedTimestep.cpp" filename="a\JustAnotherDnDGame\JustAnotherDnDGame\Source\Core\Time\FixedTimestep.cpp" line-rate="1" branch-rate="0" complexity="0">
          <methods/>
          <lines>
            <line number="14" hits="1"/>
            <line number="15" hits="1"/>
            <line number="16" hits="1"/>
            <line number="17" hits="1"/>
            <line number="19" hits="1"/>
            <line number="23" hits="1"/>
            <line number="26" hits="1"/>
            <line number="27" hits="1"/>
            <line number="32" hits="1"/>
            <line number="33" hits="1"/>
            <line number="34" hits="1"/>
            <line number="35" hits="1"/>
            <line number="36" hits="1"/>
            <line number="41" hits="1"/>
            <line number="42" hits="1"/>
            <line number="45" hits="1"/>
            <line number="46" hits="1"/>
            <line number="50" hits="1"/>
            <line number="51" hits="1"/>
            <line number="52" hits="1"/>
            <line number="56" hits="1"/>
            <line number="57" hits="1"/>
            <line number="58" hits="1"/>
          </lines>
        </class>
      </classes>
    </package>
    <package name="D:\a\JustAnotherDnDGame\JustAnotherDnDGame\build\vs\bin\Debug\SystemTests.exe" line-rate="0.94930498773507765" branch-rate="0" complexity="0">
      <classes>
        <class name="JsonDocument.cpp" filename="a\JustAnotherDnDGame\JustAnotherDnDGame\Source\Core\Data\JsonDocument.cpp" line-rate="0.98333333333333328" branch-rate="0" complexity="0">
          <methods/>
          <lines>
            <line number="16" hits="1"/>
            <line number="17" hits="1"/>
            <line number="22" hits="1"/>
            <line number="25" hits="1"/>
            <line number="26" hits="1"/>
            <line number="27" hits="1"/>
            <line number="28" hits="1"/>
            <line number="30" hits="1"/>
            <line number="31" hits="1"/>
            <line number="32" hits="1"/>
            <line number="34" hits="1"/>
            <line number="36" hits="1"/>
            <line number="37" hits="1"/>
            <line number="39" hits="1"/>
            <line number="40" hits="1"/>
            <line number="44" hits="1"/>
            <line number="45" hits="1"/>
            <line number="46" hits="1"/>
            <line number="49" hits="1"/>
            <line number="50" hits="1"/>
            <line number="51" hits="1"/>
            <line number="52" hits="1"/>
            <line number="53" hits="1"/>
            <line number="54" hits="1"/>
            <line number="55" hits="1"/>
            <line number="56" hits="1"/>
            <line number="57" hits="1"/>
            <line number="59" hits="1"/>
            <line number="60" hits="1"/>
            <line number="61" hits="1"/>
            <line number="64" hits="1"/>
            <line number="68" hits="1"/>
            <line number="70" hits="1"/>
            <line number="71" hits="1"/>
            <line number="72" hits="1"/>
            <line number="73" hits="1"/>
            <line number="75" hits="1"/>
            <line number="79" hits="1"/>
            <line number="81" hits="0"/>
            <line number="83" hits="1"/>
            <line number="84" hits="1"/>
            <line number="90" hits="1"/>
            <line number="91" hits="1"/>
            <line number="92" hits="1"/>
            <line number="93" hits="1"/>
            <line number="94" hits="1"/>
            <line number="97" hits="1"/>
            <line number="99" hits="1"/>
            <line number="100" hits="1"/>
            <line number="106" hits="1"/>
            <line number="111" hits="1"/>
            <line number="114" hits="1"/>
            <line number="115" hits="1"/>
            <line number="116" hits="1"/>
            <line number="117" hits="1"/>
            <line number="120" hits="1"/>
            <line number="121" hits="1"/>
            <line number="122" hits="1"/>
            <line number="125" hits="1"/>
            <line number="126" hits="1"/>
          </lines>
        </class>
        <class name="JsonDocument.h" filename="a\JustAnotherDnDGame\JustAnotherDnDGame\Source\Core\Data\JsonDocument.h" line-rate="1" branch-rate="0" complexity="0">
          <methods/>
          <lines>
            <line number="43" hits="1"/>
            <line number="44" hits="1"/>
            <line number="55" hits="1"/>
            <line number="58" hits="1"/>
            <line number="61" hits="1"/>
            <line number="62" hits="1"/>
            <line number="63" hits="1"/>
          </lines>
        </class>
        <class name="Assert.cpp" filename="a\JustAnotherDnDGame\JustAnotherDnDGame\Source\Core\Diagnostics\Assert.cpp" line-rate="0.6875" branch-rate="0" complexity="0">
          <methods/>
          <lines>
            <line number="18" hits="1"/>
            <line number="19" hits="1"/>
            <line number="20" hits="0"/>
            <line number="21" hits="0"/>
            <line number="22" hits="0"/>
            <line number="24" hits="0"/>
            <line number="25" hits="0"/>
            <line number="26" hits="1"/>
            <line number="27" hits="1"/>
            <line number="30" hits="1"/>
            <line number="31" hits="1"/>
            <line number="32" hits="1"/>
            <line number="35" hits="1"/>
            <line number="37" hits="1"/>
            <line number="38" hits="1"/>
            <line number="40" hits="1"/>
          </lines>
        </class>
        <class name="LogFormat.cpp" filename="a\JustAnotherDnDGame\JustAnotherDnDGame\Source\Core\Diagnostics\LogFormat.cpp" line-rate="1" branch-rate="0" complexity="0">
          <methods/>
          <lines>
            <line number="10" hits="1"/>
            <line number="12" hits="1"/>
            <line number="13" hits="1"/>
            <line number="14" hits="1"/>
            <line number="16" hits="1"/>
            <line number="17" hits="1"/>
            <line number="22" hits="1"/>
            <line number="23" hits="1"/>
            <line number="25" hits="1"/>
            <line number="26" hits="1"/>
            <line number="27" hits="1"/>
            <line number="28" hits="1"/>
            <line number="29" hits="1"/>
            <line number="30" hits="1"/>
            <line number="31" hits="1"/>
            <line number="32" hits="1"/>
            <line number="33" hits="1"/>
            <line number="34" hits="1"/>
            <line number="35" hits="1"/>
            <line number="36" hits="1"/>
            <line number="37" hits="1"/>
            <line number="38" hits="1"/>
            <line number="39" hits="1"/>
            <line number="40" hits="1"/>
            <line number="44" hits="1"/>
            <line number="45" hits="1"/>
            <line number="46" hits="1"/>
            <line number="48" hits="1"/>
            <line number="52" hits="1"/>
            <line number="53" hits="1"/>
            <line number="54" hits="1"/>
            <line number="55" hits="1"/>
          </lines>
        </class>
        <class name="LogLevel.h" filename="a\JustAnotherDnDGame\JustAnotherDnDGame\Source\Core\Diagnostics\LogLevel.h" line-rate="0.75" branch-rate="0" complexity="0">
          <methods/>
          <lines>
            <line number="26" hits="1"/>
            <line number="27" hits="1"/>
            <line number="29" hits="1"/>
            <line number="31" hits="1"/>
            <line number="33" hits="1"/>
            <line number="35" hits="0"/>
            <line number="37" hits="0"/>
            <line number="38" hits="1"/>
          </lines>
        </class>
        <class name="Logger.cpp" filename="a\JustAnotherDnDGame\JustAnotherDnDGame\Source\Core\Diagnostics\Logger.cpp" line-rate="0.97435897435897434" branch-rate="0" complexity="0">
          <methods/>
          <lines>
            <line number="11" hits="1"/>
            <line number="12" hits="1"/>
            <line number="13" hits="1"/>
            <line number="15" hits="1"/>
            <line number="16" hits="1"/>
            <line number="17" hits="1"/>
            <line number="19" hits="1"/>
            <line number="20" hits="1"/>
            <line number="21" hits="1"/>
            <line number="22" hits="1"/>
            <line number="24" hits="1"/>
            <line number="27" hits="1"/>
            <line number="28" hits="1"/>
            <line number="30" hits="1"/>
            <line number="32" hits="1"/>
            <line number="33" hits="1"/>
            <line number="34" hits="1"/>
            <line number="35" hits="0"/>
            <line number="37" hits="1"/>
            <line number="38" hits="1"/>
            <line number="39" hits="1"/>
            <line number="41" hits="1"/>
            <line number="43" hits="1"/>
            <line number="44" hits="1"/>
            <line number="45" hits="1"/>
            <line number="47" hits="1"/>
            <line number="48" hits="1"/>
            <line number="49" hits="1"/>
            <line number="52" hits="1"/>
            <line number="54" hits="1"/>
            <line number="55" hits="1"/>
            <line number="57" hits="1"/>
            <line number="58" hits="1"/>
            <line number="59" hits="1"/>
            <line number="60" hits="1"/>
            <line number="62" hits="1"/>
            <line number="65" hits="1"/>
            <line number="66" hits="1"/>
            <line number="67" hits="1"/>
          </lines>
        </class>
        <class name="Logger.h" filename="a\JustAnotherDnDGame\JustAnotherDnDGame\Source\Core\Diagnostics\Logger.h" line-rate="1" branch-rate="0" complexity="0">
          <methods/>
          <lines>
            <line number="30" hits="1"/>
            <line number="39" hits="1"/>
            <line number="40" hits="1"/>
            <line number="41" hits="1"/>
            <line number="82" hits="1"/>
            <line number="85" hits="1"/>
            <line number="86" hits="1"/>
          </lines>
        </class>
        <class name="CameraFraming.cpp" filename="a\JustAnotherDnDGame\JustAnotherDnDGame\Source\Core\Levels\CameraFraming.cpp" line-rate="0.91379310344827591" branch-rate="0" complexity="0">
          <methods/>
          <lines>
            <line number="11" hits="1"/>
            <line number="12" hits="1"/>
            <line number="14" hits="1"/>
            <line number="16" hits="1"/>
            <line number="18" hits="1"/>
            <line number="20" hits="0"/>
            <line number="21" hits="1"/>
            <line number="24" hits="1"/>
            <line number="25" hits="1"/>
            <line number="26" hits="1"/>
            <line number="28" hits="1"/>
            <line number="29" hits="1"/>
            <line number="31" hits="1"/>
            <line number="32" hits="1"/>
            <line number="34" hits="1"/>
            <line number="35" hits="1"/>
            <line number="41" hits="1"/>
            <line number="42" hits="1"/>
            <line number="43" hits="1"/>
            <line number="45" hits="1"/>
            <line number="46" hits="1"/>
            <line number="48" hits="1"/>
            <line number="49" hits="1"/>
            <line number="53" hits="1"/>
            <line number="56" hits="1"/>
            <line number="57" hits="1"/>
            <line number="59" hits="1"/>
            <line number="60" hits="1"/>
            <line number="61" hits="1"/>
            <line number="62" hits="1"/>
            <line number="63" hits="1"/>
            <line number="65" hits="1"/>
            <line number="66" hits="0"/>
            <line number="68" hits="1"/>
            <line number="69" hits="1"/>
            <line number="71" hits="1"/>
            <line number="72" hits="1"/>
            <line number="74" hits="1"/>
            <line number="75" hits="0"/>
            <line number="77" hits="1"/>
            <line number="80" hits="1"/>
            <line number="81" hits="1"/>
            <line number="82" hits="1"/>
            <line number="85" hits="1"/>
            <line number="86" hits="0"/>
            <line number="89" hits="1"/>
            <line number="91" hits="1"/>
            <line number="92" hits="1"/>
            <line number="93" hits="1"/>
            <line number="95" hits="1"/>
            <line number="96" hits="1"/>
            <line number="99" hits="1"/>
            <line number="100" hits="1"/>
            <line number="101" hits="0"/>
            <line number="103" hits="1"/>
            <line number="104" hits="1"/>
            <line number="107" hits="1"/>
            <line number="108" hits="1"/>
          </lines>
        </class>
        <class name="GridPosition.h" filename="a\JustAnotherDnDGame\JustAnotherDnDGame\Source\Core\Levels\GridPosition.h" line-rate="1" branch-rate="0" complexity="0">
          <methods/>
          <lines>
            <line number="21" hits="1"/>
            <line number="22" hits="1"/>
            <line number="26" hits="1"/>
            <line number="27" hits="1"/>
            <line number="28" hits="1"/>
            <line number="31" hits="1"/>
            <line number="32" hits="1"/>
            <line number="33" hits="1"/>
          </lines>
        </class>
        <class name="Level.h" filename="a\JustAnotherDnDGame\JustAnotherDnDGame\Source\Core\Levels\Level.h" line-rate="1" branch-rate="0" complexity="0">
          <methods/>
          <lines>
            <line number="122" hits="1"/>
            <line number="132" hits="1"/>
            <line number="133" hits="1"/>
            <line number="134" hits="1"/>
            <line number="135" hits="1"/>
            <line number="136" hits="1"/>
            <line number="137" hits="1"/>
            <line number="138" hits="1"/>
            <line number="139" hits="1"/>
            <line number="140" hits="1"/>
            <line number="141" hits="1"/>
            <line number="142" hits="1"/>
            <line number="143" hits="1"/>
            <line number="144" hits="1"/>
            <line number="147" hits="1"/>
            <line number="148" hits="1"/>
            <line number="149" hits="1"/>
            <line number="152" hits="1"/>
            <line number="153" hits="1"/>
            <line number="154" hits="1"/>
            <line number="158" hits="1"/>
            <line number="159" hits="1"/>
            <line number="160" hits="1"/>
            <line number="163" hits="1"/>
            <line number="164" hits="1"/>
            <line number="165" hits="1"/>
            <line number="168" hits="1"/>
            <line number="169" hits="1"/>
            <line number="170" hits="1"/>
            <line number="173" hits="1"/>
            <line number="174" hits="1"/>
            <line number="175" hits="1"/>
            <line number="178" hits="1"/>
            <line number="179" hits="1"/>
            <line number="180" hits="1"/>
            <line number="184" hits="1"/>
            <line number="185" hits="1"/>
            <line number="186" hits="1"/>
            <line number="190" hits="1"/>
            <line number="191" hits="1"/>
            <line number="192" hits="1"/>
            <line number="195" hits="1"/>
            <line number="196" hits="1"/>
            <line number="197" hits="1"/>
            <line number="200" hits="1"/>
            <line number="201" hits="1"/>
            <line number="202" hits="1"/>
            <line number="207" hits="1"/>
            <line number="208" hits="1"/>
            <line number="209" hits="1"/>
            <line number="214" hits="1"/>
            <line number="215" hits="1"/>
            <line number="216" hits="1"/>
          </lines>
        </class>
        <class name="LevelDraft.cpp" filename="a\JustAnotherDnDGame\JustAnotherDnDGame\Source\Core\Levels\LevelDraft.cpp" line-rate="0.96594427244582048" branch-rate="0" complexity="0">
          <methods/>
          <lines>
            <line number="21" hits="1"/>
            <line number="22" hits="1"/>
            <line number="23" hits="1"/>
            <line number="24" hits="1"/>
            <line number="25" hits="1"/>
            <line number="26" hits="1"/>
            <line number="27" hits="1"/>
            <line number="28" hits="1"/>
            <line number="29" hits="1"/>
            <line number="30" hits="1"/>
            <line number="31" hits="1"/>
            <line number="36" hits="1"/>
            <line number="38" hits="1"/>
            <line number="39" hits="1"/>
            <line number="40" hits="1"/>
            <line number="42" hits="1"/>
            <line number="43" hits="1"/>
            <line number="44" hits="1"/>
            <line number="45" hits="1"/>
            <line number="46" hits="1"/>
            <line number="47" hits="1"/>
            <line number="48" hits="1"/>
            <line number="49" hits="1"/>
            <line number="50" hits="1"/>
            <line number="55" hits="1"/>
            <line number="56" hits="1"/>
            <line number="59" hits="1"/>
            <line number="60" hits="1"/>
            <line number="61" hits="1"/>
            <line number="62" hits="1"/>
            <line number="64" hits="1"/>
            <line number="65" hits="1"/>
            <line number="66" hits="1"/>
            <line number="67" hits="1"/>
            <line number="70" hits="1"/>
            <line number="71" hits="1"/>
            <line number="72" hits="1"/>
            <line number="74" hits="1"/>
            <line number="75" hits="1"/>
            <line number="76" hits="1"/>
            <line number="77" hits="1"/>
            <line number="78" hits="1"/>
            <line number="79" hits="1"/>
            <line number="80" hits="1"/>
            <line number="81" hits="1"/>
            <line number="83" hits="1"/>
            <line number="84" hits="1"/>
            <line number="85" hits="1"/>
            <line number="86" hits="1"/>
            <line number="88" hits="1"/>
            <line number="89" hits="1"/>
            <line number="90" hits="1"/>
            <line number="91" hits="1"/>
            <line number="93" hits="1"/>
            <line number="94" hits="0"/>
            <line number="95" hits="0"/>
            <line number="98" hits="1"/>
            <line number="99" hits="1"/>
            <line number="100" hits="1"/>
            <line number="102" hits="1"/>
            <line number="103" hits="0"/>
            <line number="107" hits="1"/>
            <line number="108" hits="1"/>
            <line number="109" hits="1"/>
            <line number="116" hits="1"/>
            <line number="118" hits="1"/>
            <line number="119" hits="1"/>
            <line number="120" hits="1"/>
            <line number="121" hits="1"/>
            <line number="123" hits="1"/>
            <line number="124" hits="1"/>
            <line number="125" hits="1"/>
            <line number="126" hits="1"/>
            <line number="128" hits="1"/>
            <line number="129" hits="1"/>
            <line number="130" hits="1"/>
            <line number="131" hits="1"/>
            <line number="133" hits="1"/>
            <line number="134" hits="1"/>
            <line number="135" hits="1"/>
            <line number="136" hits="1"/>
            <line number="138" hits="1"/>
            <line number="139" hits="1"/>
            <line number="140" hits="1"/>
            <line number="141" hits="1"/>
            <line number="143" hits="1"/>
            <line number="144" hits="1"/>
            <line number="145" hits="1"/>
            <line number="146" hits="1"/>
            <line number="148" hits="1"/>
            <line number="151" hits="1"/>
            <line number="155" hits="1"/>
            <line number="159" hits="1"/>
            <line number="163" hits="1"/>
            <line number="167" hits="1"/>
            <line number="170" hits="1"/>
            <line number="171" hits="1"/>
            <line number="172" hits="1"/>
            <line number="175" hits="1"/>
            <line number="177" hits="1"/>
            <line number="179" hits="1"/>
            <line number="180" hits="1"/>
            <line number="181" hits="1"/>
            <line number="182" hits="1"/>
            <line number="183" hits="1"/>
            <line number="184" hits="1"/>
            <line number="186" hits="1"/>
            <line number="187" hits="1"/>
            <line number="188" hits="1"/>
            <line number="189" hits="1"/>
            <line number="190" hits="1"/>
            <line number="191" hits="1"/>
            <line number="193" hits="1"/>
            <line number="195" hits="1"/>
            <line number="196" hits="1"/>
            <line number="197" hits="1"/>
            <line number="198" hits="1"/>
            <line number="199" hits="1"/>
            <line number="200" hits="1"/>
            <line number="211" hits="1"/>
            <line number="212" hits="1"/>
            <line number="213" hits="1"/>
            <line number="214" hits="1"/>
            <line number="216" hits="1"/>
            <line number="217" hits="1"/>
            <line number="218" hits="1"/>
            <line number="220" hits="1"/>
            <line number="221" hits="1"/>
            <line number="222" hits="1"/>
            <line number="224" hits="1"/>
            <line number="225" hits="1"/>
            <line number="226" hits="1"/>
            <line number="228" hits="1"/>
            <line number="229" hits="1"/>
            <line number="230" hits="1"/>
            <line number="231" hits="1"/>
            <line number="233" hits="1"/>
            <line number="234" hits="1"/>
            <line number="235" hits="1"/>
            <line number="237" hits="1"/>
            <line number="238" hits="1"/>
            <line number="239" hits="1"/>
            <line number="240" hits="1"/>
            <line number="241" hits="1"/>
            <line number="243" hits="1"/>
            <line number="245" hits="1"/>
            <line number="246" hits="1"/>
            <line number="248" hits="1"/>
            <line number="249" hits="1"/>
            <line number="250" hits="1"/>
            <line number="251" hits="1"/>
            <line number="253" hits="1"/>
            <line number="254" hits="1"/>
            <line number="255" hits="1"/>
            <line number="257" hits="1"/>
            <line number="258" hits="1"/>
            <line number="259" hits="1"/>
            <line number="260" hits="1"/>
            <line number="262" hits="1"/>
            <line number="263" hits="1"/>
            <line number="264" hits="1"/>
            <line number="266" hits="1"/>
            <line number="267" hits="1"/>
            <line number="269" hits="1"/>
            <line number="270" hits="1"/>
            <line number="271" hits="1"/>
            <line number="272" hits="1"/>
            <line number="274" hits="1"/>
            <line number="275" hits="1"/>
            <line number="276" hits="0"/>
            <line number="278" hits="1"/>
            <line number="279" hits="1"/>
            <line number="281" hits="1"/>
            <line number="282" hits="1"/>
            <line number="283" hits="1"/>
            <line number="284" hits="1"/>
            <line number="286" hits="1"/>
            <line number="287" hits="1"/>
            <line number="288" hits="0"/>
            <line number="290" hits="1"/>
            <line number="291" hits="1"/>
[...]
            <line number="44" hits="1"/>
            <line number="45" hits="1"/>
            <line number="46" hits="1"/>
            <line number="49" hits="1"/>
            <line number="51" hits="1"/>
            <line number="53" hits="1"/>
            <line number="54" hits="1"/>
            <line number="55" hits="1"/>
            <line number="57" hits="1"/>
            <line number="62" hits="1"/>
            <line number="63" hits="1"/>
            <line number="64" hits="1"/>
            <line number="65" hits="1"/>
            <line number="67" hits="1"/>
            <line number="68" hits="1"/>
            <line number="69" hits="1"/>
            <line number="70" hits="1"/>
            <line number="71" hits="1"/>
            <line number="76" hits="1"/>
            <line number="78" hits="1"/>
            <line number="79" hits="1"/>
            <line number="80" hits="1"/>
            <line number="81" hits="1"/>
            <line number="82" hits="1"/>
            <line number="83" hits="1"/>
            <line number="86" hits="1"/>
            <line number="88" hits="1"/>
            <line number="93" hits="1"/>
            <line number="94" hits="0"/>
            <line number="95" hits="0"/>
            <line number="97" hits="1"/>
            <line number="99" hits="1"/>
            <line number="100" hits="1"/>
            <line number="104" hits="1"/>
            <line number="105" hits="1"/>
            <line number="107" hits="1"/>
            <line number="108" hits="1"/>
            <line number="110" hits="1"/>
            <line number="111" hits="1"/>
            <line number="113" hits="1"/>
            <line number="114" hits="1"/>
            <line number="116" hits="1"/>
            <line number="119" hits="1"/>
            <line number="120" hits="1"/>
            <line number="122" hits="1"/>
            <line number="123" hits="1"/>
            <line number="124" hits="0"/>
            <line number="128" hits="1"/>
            <line number="130" hits="1"/>
            <line number="134" hits="1"/>
            <line number="135" hits="1"/>
            <line number="136" hits="1"/>
            <line number="140" hits="1"/>
            <line number="141" hits="1"/>
          </lines>
        </class>
        <class name="CreditsCatalog.cpp" filename="a\JustAnotherDnDGame\JustAnotherDnDGame\Source\HMI\Presentation\CreditsCatalog.cpp" line-rate="0.90000000000000002" branch-rate="0" complexity="0">
          <methods/>
          <lines>
            <line number="21" hits="1"/>
            <line number="22" hits="1"/>
            <line number="23" hits="1"/>
            <line number="25" hits="1"/>
            <line number="26" hits="1"/>
            <line number="27" hits="1"/>
            <line number="28" hits="1"/>
            <line number="30" hits="1"/>
            <line number="31" hits="1"/>
            <line number="32" hits="1"/>
            <line number="34" hits="1"/>
            <line number="35" hits="1"/>
            <line number="36" hits="1"/>
            <line number="40" hits="1"/>
            <line number="41" hits="1"/>
            <line number="42" hits="1"/>
            <line number="43" hits="0"/>
            <line number="45" hits="1"/>
            <line number="46" hits="1"/>
            <line number="47" hits="0"/>
            <line number="50" hits="1"/>
            <line number="51" hits="1"/>
            <line number="52" hits="1"/>
            <line number="53" hits="1"/>
            <line number="54" hits="0"/>
            <line number="56" hits="1"/>
            <line number="57" hits="1"/>
            <line number="58" hits="1"/>
            <line number="59" hits="1"/>
            <line number="61" hits="1"/>
            <line number="62" hits="1"/>
            <line number="64" hits="1"/>
            <line number="65" hits="0"/>
            <line number="67" hits="1"/>
            <line number="69" hits="1"/>
            <line number="70" hits="1"/>
            <line number="71" hits="0"/>
            <line number="73" hits="1"/>
            <line number="74" hits="1"/>
            <line number="75" hits="1"/>
            <line number="79" hits="1"/>
            <line number="80" hits="0"/>
            <line number="82" hits="1"/>
            <line number="83" hits="1"/>
            <line number="84" hits="1"/>
            <line number="85" hits="1"/>
            <line number="88" hits="1"/>
            <line number="91" hits="1"/>
            <line number="92" hits="1"/>
            <line number="93" hits="1"/>
            <line number="95" hits="1"/>
            <line number="96" hits="1"/>
            <line number="99" hits="1"/>
            <line number="100" hits="1"/>
            <line number="101" hits="1"/>
            <line number="102" hits="1"/>
            <line number="103" hits="1"/>
            <line number="104" hits="1"/>
            <line number="105" hits="1"/>
            <line number="106" hits="1"/>
          </lines>
        </class>
        <class name="CreditsCatalog.h" filename="a\JustAnotherDnDGame\JustAnotherDnDGame\Source\HMI\Presentation\CreditsCatalog.h" line-rate="1" branch-rate="0" complexity="0">
          <methods/>
          <lines>
            <line number="36" hits="1"/>
            <line number="37" hits="1"/>
            <line number="38" hits="1"/>
          </lines>
        </class>
        <class name="DialogueScreen.cpp" filename="a\JustAnotherDnDGame\JustAnotherDnDGame\Source\HMI\Presentation\DialogueScreen.cpp" line-rate="1" branch-rate="0" complexity="0">
          <methods/>
          <lines>
            <line number="16" hits="1"/>
            <line number="17" hits="1"/>
            <line number="18" hits="1"/>
            <line number="19" hits="1"/>
            <line number="20" hits="1"/>
            <line number="21" hits="1"/>
            <line number="22" hits="1"/>
            <line number="23" hits="1"/>
            <line number="24" hits="1"/>
            <line number="25" hits="1"/>
            <line number="29" hits="1"/>
            <line number="30" hits="1"/>
            <line number="31" hits="1"/>
            <line number="32" hits="1"/>
            <line number="33" hits="1"/>
            <line number="36" hits="1"/>
            <line number="37" hits="1"/>
            <line number="38" hits="1"/>
            <line number="39" hits="1"/>
            <line number="40" hits="1"/>
            <line number="42" hits="1"/>
            <line number="43" hits="1"/>
            <line number="44" hits="1"/>
            <line number="46" hits="1"/>
            <line number="48" hits="1"/>
            <line number="49" hits="1"/>
            <line number="50" hits="1"/>
            <line number="53" hits="1"/>
            <line number="54" hits="1"/>
            <line number="55" hits="1"/>
            <line number="60" hits="1"/>
            <line number="61" hits="1"/>
            <line number="62" hits="1"/>
            <line number="63" hits="1"/>
            <line number="66" hits="1"/>
            <line number="68" hits="1"/>
            <line number="69" hits="1"/>
            <line number="71" hits="1"/>
            <line number="72" hits="1"/>
            <line number="78" hits="1"/>
            <line number="79" hits="1"/>
          </lines>
        </class>
        <class name="IdentityScale.cpp" filename="a\JustAnotherDnDGame\JustAnotherDnDGame\Source\HMI\Presentation\IdentityScale.cpp" line-rate="1" branch-rate="0" complexity="0">
          <methods/>
          <lines>
            <line number="10" hits="1"/>
            <line number="14" hits="1"/>
            <line number="15" hits="1"/>
            <line number="16" hits="1"/>
            <line number="18" hits="1"/>
            <line number="19" hits="1"/>
            <line number="22" hits="1"/>
            <line number="23" hits="1"/>
            <line number="27" hits="1"/>
            <line number="28" hits="1"/>
          </lines>
        </class>
        <class name="InventoryScreen.cpp" filename="a\JustAnotherDnDGame\JustAnotherDnDGame\Source\HMI\Presentation\InventoryScreen.cpp" line-rate="0.88793103448275867" branch-rate="0" complexity="0">
          <methods/>
          <lines>
            <line number="15" hits="1"/>
            <line number="16" hits="1"/>
            <line number="17" hits="1"/>
            <line number="19" hits="1"/>
            <line number="20" hits="1"/>
            <line number="21" hits="1"/>
            <line number="23" hits="1"/>
            <line number="24" hits="1"/>
            <line number="25" hits="1"/>
            <line number="28" hits="1"/>
            <line number="29" hits="1"/>
            <line number="30" hits="1"/>
            <line number="32" hits="1"/>
            <line number="33" hits="1"/>
            <line number="35" hits="1"/>
            <line number="36" hits="1"/>
            <line number="38" hits="0"/>
            <line number="39" hits="1"/>
            <line number="43" hits="1"/>
            <line number="44" hits="1"/>
            <line number="45" hits="1"/>
            <line number="46" hits="1"/>
            <line number="48" hits="1"/>
            <line number="49" hits="1"/>
            <line number="51" hits="1"/>
            <line number="53" hits="0"/>
            <line number="55" hits="0"/>
            <line number="57" hits="1"/>
            <line number="59" hits="0"/>
            <line number="60" hits="1"/>
            <line number="64" hits="1"/>
            <line number="65" hits="1"/>
            <line number="66" hits="1"/>
            <line number="68" hits="1"/>
            <line number="69" hits="1"/>
            <line number="70" hits="1"/>
            <line number="72" hits="1"/>
            <line number="73" hits="1"/>
            <line number="76" hits="0"/>
            <line number="77" hits="1"/>
            <line number="80" hits="1"/>
            <line number="81" hits="1"/>
            <line number="82" hits="1"/>
            <line number="83" hits="1"/>
            <line number="84" hits="0"/>
            <line number="86" hits="1"/>
            <line number="87" hits="1"/>
            <line number="88" hits="1"/>
            <line number="90" hits="1"/>
            <line number="94" hits="1"/>
            <line number="95" hits="1"/>
            <line number="96" hits="1"/>
            <line number="98" hits="1"/>
            <line number="99" hits="1"/>
            <line number="100" hits="1"/>
            <line number="101" hits="1"/>
            <line number="102" hits="1"/>
            <line number="103" hits="0"/>
            <line number="106" hits="0"/>
            <line number="107" hits="0"/>
            <line number="109" hits="0"/>
            <line number="110" hits="0"/>
            <line number="111" hits="0"/>
            <line number="113" hits="1"/>
            <line number="114" hits="1"/>
            <line number="115" hits="1"/>
            <line number="116" hits="1"/>
            <line number="117" hits="1"/>
            <line number="118" hits="1"/>
            <line number="119" hits="1"/>
            <line number="120" hits="1"/>
            <line number="126" hits="1"/>
            <line number="127" hits="1"/>
            <line number="129" hits="1"/>
            <line number="130" hits="1"/>
            <line number="133" hits="1"/>
            <line number="134" hits="1"/>
            <line number="136" hits="1"/>
            <line number="137" hits="1"/>
            <line number="140" hits="1"/>
            <line number="141" hits="1"/>
            <line number="142" hits="1"/>
            <line number="144" hits="1"/>
            <line number="145" hits="1"/>
            <line number="148" hits="1"/>
            <line number="149" hits="1"/>
            <line number="152" hits="1"/>
            <line number="153" hits="1"/>
            <line number="154" hits="1"/>
            <line number="155" hits="1"/>
            <line number="157" hits="1"/>
            <line number="158" hits="1"/>
            <line number="159" hits="0"/>
            <line number="161" hits="1"/>
            <line number="162" hits="1"/>
            <line number="163" hits="1"/>
            <line number="165" hits="1"/>
            <line number="166" hits="1"/>
            <line number="168" hits="1"/>
            <line number="169" hits="1"/>
            <line number="170" hits="1"/>
            <line number="171" hits="1"/>
            <line number="173" hits="1"/>
            <line number="174" hits="1"/>
            <line number="175" hits="1"/>
            <line number="177" hits="1"/>
            <line number="178" hits="1"/>
            <line number="179" hits="1"/>
            <line number="181" hits="1"/>
            <line number="182" hits="1"/>
            <line number="184" hits="1"/>
            <line number="185" hits="1"/>
            <line number="186" hits="1"/>
            <line number="187" hits="1"/>
            <line number="188" hits="1"/>
            <line number="189" hits="1"/>
          </lines>
        </class>
        <class name="RpgScreens.cpp" filename="a\JustAnotherDnDGame\JustAnotherDnDGame\Source\HMI\Presentation\RpgScreens.cpp" line-rate="0.95454545454545459" branch-rate="0" complexity="0">
          <methods/>
          <lines>
            <line number="320" hits="1"/>
            <line number="321" hits="1"/>
            <line number="322" hits="1"/>
            <line number="323" hits="1"/>
            <line number="325" hits="1"/>
            <line number="326" hits="0"/>
            <line number="327" hits="1"/>
            <line number="331" hits="1"/>
            <line number="332" hits="1"/>
            <line number="333" hits="1"/>
            <line number="335" hits="1"/>
            <line number="336" hits="1"/>
            <line number="337" hits="1"/>
            <line number="339" hits="1"/>
            <line number="340" hits="1"/>
            <line number="341" hits="1"/>
            <line number="343" hits="1"/>
            <line number="344" hits="1"/>
            <line number="345" hits="1"/>
            <line number="347" hits="1"/>
            <line number="348" hits="1"/>
            <line number="349" hits="1"/>
          </lines>
        </class>
        <class name="ScreenFlow.cpp" filename="a\JustAnotherDnDGame\JustAnotherDnDGame\Source\HMI\Presentation\ScreenFlow.cpp" line-rate="0.85416666666666663" branch-rate="0" complexity="0">
          <methods/>
          <lines>
            <line number="8" hits="1"/>
            <line number="9" hits="1"/>
            <line number="11" hits="1"/>
            <line number="19" hits="1"/>
            <line number="27" hits="1"/>
            <line number="45" hits="1"/>
            <line number="56" hits="1"/>
            <line number="64" hits="0"/>
            <line number="65" hits="1"/>
            <line number="68" hits="1"/>
            <line number="69" hits="1"/>
            <line number="71" hits="1"/>
            <line number="73" hits="0"/>
            <line number="75" hits="1"/>
            <line number="78" hits="1"/>
            <line number="80" hits="1"/>
            <line number="83" hits="1"/>
            <line number="89" hits="1"/>
            <line number="98" hits="1"/>
            <line number="101" hits="1"/>
            <line number="104" hits="1"/>
            <line number="107" hits="1"/>
            <line number="109" hits="0"/>
            <line number="112" hits="1"/>
            <line number="114" hits="1"/>
            <line number="116" hits="0"/>
            <line number="119" hits="1"/>
            <line number="121" hits="1"/>
            <line number="123" hits="1"/>
            <line number="126" hits="1"/>
            <line number="128" hits="1"/>
            <line number="130" hits="1"/>
            <line number="136" hits="1"/>
            <line number="140" hits="1"/>
            <line number="143" hits="1"/>
            <line number="145" hits="1"/>
            <line number="148" hits="0"/>
            <line number="151" hits="1"/>
            <line number="153" hits="1"/>
            <line number="155" hits="1"/>
            <line number="157" hits="1"/>
            <line number="160" hits="1"/>
            <line number="164" hits="1"/>
            <line number="167" hits="1"/>
            <line number="173" hits="1"/>
            <line number="177" hits="0"/>
            <line number="180" hits="0"/>
            <line number="181" hits="1"/>
          </lines>
        </class>
        <class name="ScreenFlow.h" filename="a\JustAnotherDnDGame\JustAnotherDnDGame\Source\HMI\Presentation\ScreenFlow.h" line-rate="1" branch-rate="0" complexity="0">
          <methods/>
          <lines>
            <line number="94" hits="1"/>
          </lines>
        </class>
        <class name="WorldMapRegions.cpp" filename="a\JustAnotherDnDGame\JustAnotherDnDGame\Source\HMI\Presentation\WorldMapRegions.cpp" line-rate="0.85416666666666663" branch-rate="0" complexity="0">
          <methods/>
          <lines>
            <line number="19" hits="1"/>
            <line number="20" hits="1"/>
            <line number="21" hits="1"/>
            <line number="23" hits="1"/>
            <line number="24" hits="0"/>
            <line number="25" hits="0"/>
            <line number="27" hits="1"/>
            <line number="28" hits="1"/>
            <line number="29" hits="0"/>
            <line number="31" hits="0"/>
            <line number="33" hits="1"/>
            <line number="34" hits="1"/>
            <line number="36" hits="1"/>
            <line number="37" hits="1"/>
            <line number="38" hits="1"/>
            <line number="39" hits="1"/>
            <line number="40" hits="1"/>
            <line number="42" hits="1"/>
            <line number="44" hits="1"/>
            <line number="45" hits="1"/>
            <line number="46" hits="1"/>
            <line number="47" hits="1"/>
            <line number="50" hits="1"/>
            <line number="51" hits="1"/>
            <line number="52" hits="1"/>
            <line number="53" hits="1"/>
            <line number="54" hits="1"/>
            <line number="55" hits="0"/>
            <line number="56" hits="0"/>
            <line number="58" hits="1"/>
            <line number="59" hits="1"/>
            <line number="60" hits="1"/>
            <line number="61" hits="1"/>
            <line number="62" hits="1"/>
            <line number="63" hits="1"/>
            <line number="64" hits="1"/>
            <line number="65" hits="1"/>
            <line number="66" hits="1"/>
            <line number="67" hits="1"/>
            <line number="69" hits="1"/>
            <line number="70" hits="1"/>
            <line number="71" hits="1"/>
            <line number="72" hits="1"/>
            <line number="73" hits="1"/>
            <line number="74" hits="0"/>
            <line number="76" hits="1"/>
            <line number="77" hits="1"/>
            <line number="78" hits="1"/>
          </lines>
        </class>
        <class name="WorldMapRegions.h" filename="a\JustAnotherDnDGame\JustAnotherDnDGame\Source\HMI\Presentation\WorldMapRegions.h" line-rate="1" branch-rate="0" complexity="0">
          <methods/>
          <lines>
            <line number="29" hits="1"/>
            <line number="30" hits="1"/>
            <line number="31" hits="1"/>
          </lines>
        </class>
      </classes>
    </package>
  </packages>
</coverage>
